<?xml version="1.0" encoding="UTF-8"?>
<coverage generated="1539978551173" clover="3.2.0">
  <project timestamp="1539978551174" name="All files">
    <metrics statements="29" coveredstatements="13" conditionals="2" coveredconditionals="0" methods="18" coveredmethods="6" elements="49" coveredelements="19" complexity="0" loc="29" ncloc="29" packages="2" files="5" classes="5">
      <package name="Components">
        <metrics statements="28" coveredstatements="12" conditionals="2" coveredconditionals="0" methods="18" coveredmethods="6"/>
        <file name="Calender.js" path="/home/tord/cloudRepos/github/it2810-webutvikling-h18-prosjekt-3-16/beesad/Components/Calender.js">
          <metrics statements="6" coveredstatements="1" conditionals="0" coveredconditionals="0" methods="6" coveredmethods="1"/>
          <line num="7" count="1" type="stmt"/>
          <line num="18" count="0" type="stmt"/>
          <line num="20" count="0" type="stmt"/>
          <line num="22" count="0" type="stmt"/>
          <line num="32" count="0" type="stmt"/>
          <line num="34" count="0" type="stmt"/>
        </file>
        <file name="Home.js" path="/home/tord/cloudRepos/github/it2810-webutvikling-h18-prosjekt-3-16/beesad/Components/Home.js">
          <metrics statements="1" coveredstatements="1" conditionals="0" coveredconditionals="0" methods="1" coveredmethods="1"/>
          <line num="7" count="1" type="stmt"/>
        </file>
        <file name="Note.js" path="/home/tord/cloudRepos/github/it2810-webutvikling-h18-prosjekt-3-16/beesad/Components/Note.js">
          <metrics statements="2" coveredstatements="1" conditionals="0" coveredconditionals="0" methods="1" coveredmethods="0"/>
          <line num="11" count="0" type="stmt"/>
          <line num="25" count="1" type="stmt"/>
        </file>
        <file name="Todo.js" path="/home/tord/cloudRepos/github/it2810-webutvikling-h18-prosjekt-3-16/beesad/Components/Todo.js">
          <metrics statements="19" coveredstatements="9" conditionals="2" coveredconditionals="0" methods="10" coveredmethods="4"/>
          <line num="17" count="2" type="stmt"/>
          <line num="18" count="2" type="stmt"/>
          <line num="22" count="2" type="stmt"/>
          <line num="23" count="0" type="stmt"/>
          <line num="29" count="3" type="stmt"/>
          <line num="30" count="0" type="stmt"/>
          <line num="32" count="0" type="stmt"/>
          <line num="34" count="3" type="stmt"/>
          <line num="39" count="0" type="stmt"/>
          <line num="51" count="0" type="stmt"/>
          <line num="67" count="3" type="stmt"/>
          <line num="72" count="0" type="cond" truecount="0" falsecount="2"/>
          <line num="74" count="0" type="stmt"/>
          <line num="75" count="0" type="stmt"/>
          <line num="85" count="0" type="stmt"/>
          <line num="86" count="0" type="stmt"/>
          <line num="91" count="1" type="stmt"/>
          <line num="92" count="1" type="stmt"/>
          <line num="97" count="1" type="stmt"/>
        </file>
      </package>
      <package name="assets.img">
        <metrics statements="1" coveredstatements="1" conditionals="0" coveredconditionals="0" methods="0" coveredmethods="0"/>
        <file name="beesad_logo.jpg" path="/home/tord/cloudRepos/github/it2810-webutvikling-h18-prosjekt-3-16/beesad/assets/img/beesad_logo.jpg">
          <metrics statements="1" coveredstatements="1" conditionals="0" coveredconditionals="0" methods="0" coveredmethods="0"/>
          <line num="1" count="1" type="stmt"/>
        </file>
      </package>
    </metrics>
  </project>
</coverage>
