{"/home/tord/cloudRepos/github/it2810-webutvikling-h18-prosjekt-3-16/beesad/Components/Calender.js": {"path":"/home/tord/cloudRepos/github/it2810-webutvikling-h18-prosjekt-3-16/beesad/Components/Calender.js","statementMap":{"0":{"start":{"line":7,"column":8},"end":{"line":37,"column":10}},"1":{"start":{"line":18,"column":42},"end":{"line":18,"column":74}},"2":{"start":{"line":20,"column":46},"end":{"line":20,"column":78}},"3":{"start":{"line":22,"column":47},"end":{"line":22,"column":82}},"4":{"start":{"line":32,"column":56},"end":{"line":32,"column":72}},"5":{"start":{"line":34,"column":51},"end":{"line":34,"column":61}}},"fnMap":{"0":{"name":"(anonymous_0)","decl":{"start":{"line":6,"column":4},"end":{"line":6,"column":5}},"loc":{"start":{"line":6,"column":13},"end":{"line":38,"column":5}},"line":6},"1":{"name":"(anonymous_1)","decl":{"start":{"line":18,"column":32},"end":{"line":18,"column":33}},"loc":{"start":{"line":18,"column":41},"end":{"line":18,"column":75}},"line":18},"2":{"name":"(anonymous_2)","decl":{"start":{"line":20,"column":36},"end":{"line":20,"column":37}},"loc":{"start":{"line":20,"column":45},"end":{"line":20,"column":79}},"line":20},"3":{"name":"(anonymous_3)","decl":{"start":{"line":22,"column":35},"end":{"line":22,"column":36}},"loc":{"start":{"line":22,"column":46},"end":{"line":22,"column":83}},"line":22},"4":{"name":"(anonymous_4)","decl":{"start":{"line":32,"column":38},"end":{"line":32,"column":39}},"loc":{"start":{"line":32,"column":56},"end":{"line":32,"column":72}},"line":32},"5":{"name":"(anonymous_5)","decl":{"start":{"line":34,"column":39},"end":{"line":34,"column":40}},"loc":{"start":{"line":34,"column":51},"end":{"line":34,"column":61}},"line":34}},"branchMap":{},"s":{"0":1,"1":0,"2":0,"3":0,"4":0,"5":0},"f":{"0":1,"1":0,"2":0,"3":0,"4":0,"5":0},"b":{},"_coverageSchema":"332fd63041d2c1bcb487cc26dd0d5f7d97098a6c","hash":"432092c459a3659acd07f9d8b30ac61abe00555a"}
,"/home/tord/cloudRepos/github/it2810-webutvikling-h18-prosjekt-3-16/beesad/Components/Home.js": {"path":"/home/tord/cloudRepos/github/it2810-webutvikling-h18-prosjekt-3-16/beesad/Components/Home.js","statementMap":{"0":{"start":{"line":7,"column":8},"end":{"line":23,"column":10}}},"fnMap":{"0":{"name":"(anonymous_0)","decl":{"start":{"line":6,"column":4},"end":{"line":6,"column":5}},"loc":{"start":{"line":6,"column":13},"end":{"line":24,"column":5}},"line":6}},"branchMap":{},"s":{"0":1},"f":{"0":1},"b":{},"_coverageSchema":"332fd63041d2c1bcb487cc26dd0d5f7d97098a6c","hash":"6e4b5b205f0bcfb2338cdf5ad7b28948549394eb"}
,"/home/tord/cloudRepos/github/it2810-webutvikling-h18-prosjekt-3-16/beesad/Components/Note.js": {"path":"/home/tord/cloudRepos/github/it2810-webutvikling-h18-prosjekt-3-16/beesad/Components/Note.js","statementMap":{"0":{"start":{"line":11,"column":4},"end":{"line":21,"column":6}},"1":{"start":{"line":25,"column":15},"end":{"line":54,"column":2}}},"fnMap":{"0":{"name":"(anonymous_0)","decl":{"start":{"line":10,"column":2},"end":{"line":10,"column":3}},"loc":{"start":{"line":10,"column":11},"end":{"line":22,"column":3}},"line":10}},"branchMap":{},"s":{"0":0,"1":1},"f":{"0":0},"b":{},"_coverageSchema":"332fd63041d2c1bcb487cc26dd0d5f7d97098a6c","hash":"98bd55cb1a88a3ebde832914bfe0ddd83007f27f"}
,"/home/tord/cloudRepos/github/it2810-webutvikling-h18-prosjekt-3-16/beesad/Components/Todo.js": {"path":"/home/tord/cloudRepos/github/it2810-webutvikling-h18-prosjekt-3-16/beesad/Components/Todo.js","statementMap":{"0":{"start":{"line":17,"column":4},"end":{"line":17,"column":17}},"1":{"start":{"line":18,"column":4},"end":{"line":21,"column":5}},"2":{"start":{"line":22,"column":4},"end":{"line":24,"column":7}},"3":{"start":{"line":23,"column":6},"end":{"line":23,"column":41}},"4":{"start":{"line":29,"column":16},"end":{"line":33,"column":8}},"5":{"start":{"line":30,"column":6},"end":{"line":32,"column":38}},"6":{"start":{"line":32,"column":13},"end":{"line":32,"column":33}},"7":{"start":{"line":34,"column":4},"end":{"line":63,"column":6}},"8":{"start":{"line":39,"column":47},"end":{"line":39,"column":103}},"9":{"start":{"line":51,"column":40},"end":{"line":51,"column":65}},"10":{"start":{"line":67,"column":6},"end":{"line":67,"column":63}},"11":{"start":{"line":72,"column":6},"end":{"line":87,"column":7}},"12":{"start":{"line":74,"column":16},"end":{"line":74,"column":26}},"13":{"start":{"line":75,"column":8},"end":{"line":83,"column":11}},"14":{"start":{"line":85,"column":8},"end":{"line":85,"column":58}},"15":{"start":{"line":86,"column":8},"end":{"line":86,"column":38}},"16":{"start":{"line":91,"column":4},"end":{"line":91,"column":39}},"17":{"start":{"line":92,"column":4},"end":{"line":92,"column":52}},"18":{"start":{"line":97,"column":15},"end":{"line":153,"column":2}}},"fnMap":{"0":{"name":"(anonymous_0)","decl":{"start":{"line":16,"column":2},"end":{"line":16,"column":3}},"loc":{"start":{"line":16,"column":21},"end":{"line":26,"column":3}},"line":16},"1":{"name":"(anonymous_1)","decl":{"start":{"line":22,"column":39},"end":{"line":22,"column":40}},"loc":{"start":{"line":22,"column":50},"end":{"line":24,"column":5}},"line":22},"2":{"name":"(anonymous_2)","decl":{"start":{"line":28,"column":2},"end":{"line":28,"column":3}},"loc":{"start":{"line":28,"column":11},"end":{"line":65,"column":5}},"line":28},"3":{"name":"(anonymous_3)","decl":{"start":{"line":29,"column":41},"end":{"line":29,"column":42}},"loc":{"start":{"line":29,"column":54},"end":{"line":33,"column":7}},"line":29},"4":{"name":"(anonymous_4)","decl":{"start":{"line":32,"column":8},"end":{"line":32,"column":9}},"loc":{"start":{"line":32,"column":13},"end":{"line":32,"column":33}},"line":32},"5":{"name":"(anonymous_5)","decl":{"start":{"line":39,"column":41},"end":{"line":39,"column":42}},"loc":{"start":{"line":39,"column":45},"end":{"line":39,"column":104}},"line":39},"6":{"name":"(anonymous_6)","decl":{"start":{"line":51,"column":26},"end":{"line":51,"column":27}},"loc":{"start":{"line":51,"column":40},"end":{"line":51,"column":65}},"line":51},"7":{"name":"(anonymous_7)","decl":{"start":{"line":66,"column":4},"end":{"line":66,"column":5}},"loc":{"start":{"line":66,"column":14},"end":{"line":68,"column":5}},"line":66},"8":{"name":"(anonymous_8)","decl":{"start":{"line":71,"column":4},"end":{"line":71,"column":5}},"loc":{"start":{"line":71,"column":14},"end":{"line":89,"column":3}},"line":71},"9":{"name":"(anonymous_9)","decl":{"start":{"line":90,"column":2},"end":{"line":90,"column":3}},"loc":{"start":{"line":90,"column":17},"end":{"line":93,"column":3}},"line":90}},"branchMap":{"0":{"loc":{"start":{"line":72,"column":6},"end":{"line":87,"column":7}},"type":"if","locations":[{"start":{"line":72,"column":6},"end":{"line":87,"column":7}},{"start":{"line":72,"column":6},"end":{"line":87,"column":7}}],"line":72}},"s":{"0":2,"1":2,"2":2,"3":0,"4":3,"5":0,"6":0,"7":3,"8":0,"9":0,"10":3,"11":0,"12":0,"13":0,"14":0,"15":0,"16":1,"17":1,"18":1},"f":{"0":2,"1":0,"2":3,"3":0,"4":0,"5":0,"6":0,"7":3,"8":0,"9":1},"b":{"0":[0,0]},"_coverageSchema":"332fd63041d2c1bcb487cc26dd0d5f7d97098a6c","hash":"7cf4cc9812081638d8ad4de6a1c0725b97358688"}
,"/home/tord/cloudRepos/github/it2810-webutvikling-h18-prosjekt-3-16/beesad/assets/img/beesad_logo.jpg": {"path":"/home/tord/cloudRepos/github/it2810-webutvikling-h18-prosjekt-3-16/beesad/assets/img/beesad_logo.jpg","statementMap":{"0":{"start":{"line":1,"column":0},"end":{"line":3,"column":6}}},"fnMap":{},"branchMap":{},"s":{"0":1},"f":{},"b":{},"_coverageSchema":"332fd63041d2c1bcb487cc26dd0d5f7d97098a6c","hash":"206159e54ea12fe1309b17623d611a4a1ec57a73"}
}
