{"/home/tord/cloudRepos/github/it2810-webutvikling-h18-prosjekt-3-16/beesad/Components/example.js": {"path":"/home/tord/cloudRepos/github/it2810-webutvikling-h18-prosjekt-3-16/beesad/Components/example.js","statementMap":{"0":{"start":{"line":2,"column":4},"end":{"line":2,"column":17}},"1":{"start":{"line":4,"column":0},"end":{"line":4,"column":21}}},"fnMap":{"0":{"name":"sum","decl":{"start":{"line":1,"column":9},"end":{"line":1,"column":12}},"loc":{"start":{"line":1,"column":19},"end":{"line":3,"column":1}},"line":1}},"branchMap":{},"s":{"0":1,"1":1},"f":{"0":1},"b":{},"_coverageSchema":"332fd63041d2c1bcb487cc26dd0d5f7d97098a6c","hash":"f266021181dc5b0053cff543fd6607763cc8fe49"}
}
