TN:
SF:/home/tord/cloudRepos/github/it2810-webutvikling-h18-prosjekt-3-16/beesad/Components/Calender.js
FN:6,(anonymous_0)
FN:18,(anonymous_1)
FN:20,(anonymous_2)
FN:22,(anonymous_3)
FN:32,(anonymous_4)
FN:34,(anonymous_5)
FNF:6
FNH:1
FNDA:1,(anonymous_0)
FNDA:0,(anonymous_1)
FNDA:0,(anonymous_2)
FNDA:0,(anonymous_3)
FNDA:0,(anonymous_4)
FNDA:0,(anonymous_5)
DA:7,1
DA:18,0
DA:20,0
DA:22,0
DA:32,0
DA:34,0
LF:6
LH:1
BRF:0
BRH:0
end_of_record
TN:
SF:/home/tord/cloudRepos/github/it2810-webutvikling-h18-prosjekt-3-16/beesad/Components/Home.js
FN:6,(anonymous_0)
FNF:1
FNH:1
FNDA:1,(anonymous_0)
DA:7,1
LF:1
LH:1
BRF:0
BRH:0
end_of_record
TN:
SF:/home/tord/cloudRepos/github/it2810-webutvikling-h18-prosjekt-3-16/beesad/Components/Note.js
FN:10,(anonymous_0)
FNF:1
FNH:0
FNDA:0,(anonymous_0)
DA:11,0
DA:25,1
LF:2
LH:1
BRF:0
BRH:0
end_of_record
TN:
SF:/home/tord/cloudRepos/github/it2810-webutvikling-h18-prosjekt-3-16/beesad/Components/Todo.js
FN:16,(anonymous_0)
FN:22,(anonymous_1)
FN:28,(anonymous_2)
FN:29,(anonymous_3)
FN:32,(anonymous_4)
FN:39,(anonymous_5)
FN:51,(anonymous_6)
FN:66,(anonymous_7)
FN:71,(anonymous_8)
FN:90,(anonymous_9)
FNF:10
FNH:4
FNDA:2,(anonymous_0)
FNDA:0,(anonymous_1)
FNDA:3,(anonymous_2)
FNDA:0,(anonymous_3)
FNDA:0,(anonymous_4)
FNDA:0,(anonymous_5)
FNDA:0,(anonymous_6)
FNDA:3,(anonymous_7)
FNDA:0,(anonymous_8)
FNDA:1,(anonymous_9)
DA:17,2
DA:18,2
DA:22,2
DA:23,0
DA:29,3
DA:30,0
DA:32,0
DA:34,3
DA:39,0
DA:51,0
DA:67,3
DA:72,0
DA:74,0
DA:75,0
DA:85,0
DA:86,0
DA:91,1
DA:92,1
DA:97,1
LF:19
LH:9
BRDA:72,0,0,0
BRDA:72,0,1,0
BRF:2
BRH:0
end_of_record
TN:
SF:/home/tord/cloudRepos/github/it2810-webutvikling-h18-prosjekt-3-16/beesad/assets/img/beesad_logo.jpg
FNF:0
FNH:0
DA:1,1
LF:1
LH:1
BRF:0
BRH:0
end_of_record
